0 info it worked if it ends with ok
1 verbose cli [ 'H:\\nodejs\\\\node.exe',
1 verbose cli   'H:\\nodejs\\node_modules\\npm\\bin\\npm-cli.js',
1 verbose cli   'start' ]
2 info using npm@2.11.2
3 info using node@v0.12.6
4 verbose stack Error: ENOENT, open 'H:\SourceCodes\GithubProject\javascript\package.json'
4 verbose stack     at Error (native)
5 verbose cwd H:\SourceCodes\GithubProject\javascript
6 error Windows_NT 6.3.9600
7 error argv "H:\\nodejs\\\\node.exe" "H:\\nodejs\\node_modules\\npm\\bin\\npm-cli.js" "start"
8 error node v0.12.6
9 error npm  v2.11.2
10 error path H:\SourceCodes\GithubProject\javascript\package.json
11 error code ENOENT
12 error errno -4058
13 error enoent ENOENT, open 'H:\SourceCodes\GithubProject\javascript\package.json'
13 error enoent This is most likely not a problem with npm itself
13 error enoent and is related to npm not being able to find a file.
14 verbose exit [ -4058, true ]
